Acesso em 2025-06-03T23:38:37.822Z /hb1 GET
Acesso em 2025-06-03T23:38:37.854Z /css/styles.css GET
Acesso em 2025-06-03T23:38:37.859Z /js/script.js GET
Acesso em 2025-06-03T23:38:37.876Z /favicon.ico GET
Acesso em 2025-06-03T23:47:52.046Z /css/styles.css GET
Acesso em 2025-06-03T23:47:52.072Z /.well-known/appspecific/com.chrome.devtools.json GET
Acesso em 2025-06-03T23:47:56.811Z /hb1 GET
Acesso em 2025-06-03T23:47:56.827Z /js/script.js GET
Acesso em 2025-06-03T23:47:56.827Z /css/styles.css GET
Acesso em 2025-06-03T23:47:59.838Z /css/styles.css GET
Acesso em 2025-06-03T23:47:59.850Z /.well-known/appspecific/com.chrome.devtools.json GET
Acesso em 2025-06-04T00:21:32.727Z /lorem GET
Acesso em 2025-06-04T00:22:00.919Z /lorem GET
Acesso em 2025-06-04T00:51:50.404Z /h1 GET
Acesso em 2025-06-04T00:51:53.716Z /hb1 GET
Acesso em 2025-06-04T00:51:53.744Z /css/styles.css GET
Acesso em 2025-06-04T00:51:53.744Z /js/script.js GET
Acesso em 2025-06-04T01:15:08.798Z /hb3 GET
Acesso em 2025-06-04T01:15:20.390Z /hb3 GET
Acesso em 2025-06-04T01:18:32.821Z /hb4 GET
Acesso em 2025-06-04T01:18:41.284Z /hb4 GET
Acesso em 2025-06-04T01:18:48.261Z /hb4 GET
Acesso em 2025-06-04T01:20:27.571Z /hb4 GET
Acesso em 2025-06-04T01:21:10.517Z /hb4 GET
Acesso em 2025-06-04T01:45:43.328Z /hb4 GET
Acesso em 2025-06-04T01:45:47.862Z /lorem GET
Acesso em 2025-06-04T01:45:55.466Z /sobre GET
Acesso em 2025-06-09T12:54:25.910Z /lorem GET
Acesso em 2025-06-09T12:54:25.947Z /favicon.ico GET
Acesso em 2025-06-09T12:54:29.604Z / GET
Acesso em 2025-06-09T12:55:50.896Z / GET
Acesso em 2025-06-09T12:56:17.594Z /hb1 GET
Acesso em 2025-06-09T12:56:17.620Z /css/styles.css GET
Acesso em 2025-06-09T12:56:17.620Z /js/script.js GET
Acesso em 2025-06-09T12:56:23.241Z /main GET
Acesso em 2025-06-09T13:04:13.412Z / GET
Acesso em 2025-06-09T13:04:13.438Z /css/styles.css GET
Acesso em 2025-06-09T13:04:13.439Z /js/script.js GET
Acesso em 2025-06-09T13:05:17.392Z / GET
Acesso em 2025-06-09T13:05:23.227Z /main GET
Acesso em 2025-06-09T13:05:26.790Z / GET
Acesso em 2025-06-09T13:05:39.818Z / GET
Acesso em 2025-06-09T13:05:40.406Z / GET
Acesso em 2025-06-09T13:06:13.646Z / GET
Acesso em 2025-06-09T13:06:13.670Z /public/css/main.css GET
Acesso em 2025-06-11T13:23:16.166Z /lorem GET
Acesso em 2025-06-11T13:23:16.202Z /favicon.ico GET
Acesso em 2025-06-11T13:23:19.413Z / GET
Acesso em 2025-06-11T13:23:19.433Z /public/css/main.css GET
Acesso em 2025-06-11T13:23:22.926Z /major GET
Acesso em 2025-06-11T13:23:33.696Z /major/index GET
Acesso em 2025-06-11T13:24:11.794Z /.well-known/appspecific/com.chrome.devtools.json GET
Acesso em 2025-06-11T13:26:33.561Z / GET
Acesso em 2025-06-11T13:26:33.587Z /public/css/main.css GET
Acesso em 2025-06-11T13:26:36.419Z /hb1 GET
Acesso em 2025-06-11T13:26:36.433Z /css/styles.css GET
Acesso em 2025-06-11T13:26:36.434Z /js/script.js GET
Acesso em 2025-06-11T13:26:41.014Z /lorem GET
Acesso em 2025-06-11T13:26:45.086Z /majors GET
Acesso em 2025-06-11T13:26:49.089Z /majors/index GET
Acesso em 2025-06-11T13:27:07.626Z /majors/index GET
Acesso em 2025-06-11T13:27:31.766Z /majors/ GET
Acesso em 2025-06-11T13:28:13.005Z /majors/ GET
Acesso em 2025-06-11T13:28:36.055Z /majors/index GET
Acesso em 2025-06-11T13:29:42.058Z / GET
Acesso em 2025-06-11T13:29:42.070Z /public/css/main.css GET
Acesso em 2025-06-11T13:29:50.127Z /majors/index GET
Acesso em 2025-06-11T13:30:27.386Z /majors GET
Acesso em 2025-06-11T13:31:26.185Z /majors GET
Acesso em 2025-06-11T13:31:28.858Z /majors/index GET
Acesso em 2025-06-11T13:31:56.496Z /majors/index GET
Acesso em 2025-06-11T13:31:59.904Z /majors GET
Acesso em 2025-06-11T13:32:59.173Z /majors/ GET
Acesso em 2025-06-11T13:34:10.432Z /majors/ GET
Acesso em 2025-06-11T13:34:12.790Z /majors/index GET
Acesso em 2025-06-11T13:34:14.755Z /major/index GET
Acesso em 2025-06-11T13:34:54.889Z /major/index GET
Acesso em 2025-06-11T13:35:09.181Z /majors/ GET
Acesso em 2025-06-11T13:35:13.563Z /major/ GET
Acesso em 2025-06-11T13:35:15.798Z /major/index GET
Acesso em 2025-06-11T13:36:28.571Z / GET
Acesso em 2025-06-11T13:36:28.615Z /public/css/main.css GET
Acesso em 2025-06-11T13:36:37.343Z /major GET
Acesso em 2025-06-11T13:36:41.461Z /major/index GET
Acesso em 2025-06-11T13:36:49.589Z /major/index GET
Acesso em 2025-06-11T13:39:02.448Z / GET
Acesso em 2025-06-11T13:39:02.463Z /public/css/main.css GET
Acesso em 2025-06-11T13:39:10.084Z /public/css/main.css GET
Acesso em 2025-06-11T13:39:10.120Z /.well-known/appspecific/com.chrome.devtools.json GET
Acesso em 2025-06-11T13:40:53.989Z /major/index GET
Acesso em 2025-06-11T13:40:56.963Z /major GET
Acesso em 2025-06-11T13:42:08.236Z /major GET
Acesso em 2025-06-16T12:07:29.728Z / GET
Acesso em 2025-06-16T12:07:29.770Z /public/css/main.css GET
Acesso em 2025-06-16T12:07:29.796Z /favicon.ico GET
Acesso em 2025-06-16T12:07:35.170Z /index GET
Acesso em 2025-06-16T12:11:51.478Z /major GET
Acesso em 2025-06-16T12:11:55.286Z /major/ GET
Acesso em 2025-06-16T12:11:59.406Z /major/main GET
Acesso em 2025-06-16T12:18:15.207Z /public/css/main.css GET
Acesso em 2025-06-16T12:18:15.255Z /.well-known/appspecific/com.chrome.devtools.json GET
Acesso em 2025-06-16T12:19:01.064Z / GET
Acesso em 2025-06-16T12:28:20.702Z / GET
Acesso em 2025-06-16T12:28:20.725Z /public/css/main.css GET
Acesso em 2025-06-16T12:30:12.272Z /major GET
Acesso em 2025-06-16T12:32:25.084Z /major GET
Acesso em 2025-06-16T12:32:43.826Z /major GET
Acesso em 2025-06-16T12:38:17.192Z /major/create GET
Acesso em 2025-06-16T13:04:19.190Z /major GET
Acesso em 2025-06-16T13:04:49.704Z /major GET
Acesso em 2025-06-16T13:05:20.730Z /major GET
Acesso em 2025-06-16T13:05:45.353Z /major GET
Acesso em 2025-06-16T13:06:26.468Z /major GET
Acesso em 2025-06-16T13:06:34.843Z /major GET
Acesso em 2025-06-16T13:06:50.579Z /major GET
Acesso em 2025-06-16T13:06:54.716Z /major GET
Acesso em 2025-06-16T13:07:34.370Z /major GET
Acesso em 2025-06-16T13:07:36.628Z /major/ GET
Acesso em 2025-06-16T13:07:57.213Z /major/ GET
Acesso em 2025-06-16T13:08:43.037Z / GET
Acesso em 2025-06-16T13:08:47.858Z / GET
Acesso em 2025-06-16T13:09:22.011Z / GET
Acesso em 2025-06-16T13:09:22.023Z /public/css/main.css GET
Acesso em 2025-06-16T13:09:32.468Z /public/css/main.css GET
Acesso em 2025-06-16T13:09:32.511Z /.well-known/appspecific/com.chrome.devtools.json GET
Acesso em 2025-06-16T13:11:44.798Z /majors GET
Acesso em 2025-06-16T13:11:44.859Z /.well-known/appspecific/com.chrome.devtools.json GET
Acesso em 2025-06-16T13:12:55.488Z /majors/create GET
Acesso em 2025-06-16T13:12:55.527Z /.well-known/appspecific/com.chrome.devtools.json GET
Acesso em 2025-06-16T13:16:46.178Z /majors/create GET
Acesso em 2025-06-16T13:16:46.226Z /.well-known/appspecific/com.chrome.devtools.json GET
Acesso em 2025-06-16T13:37:52.731Z /majors GET
Acesso em 2025-06-16T13:37:52.777Z /.well-known/appspecific/com.chrome.devtools.json GET
Acesso em 2025-06-16T13:39:20.771Z /majors GET
Acesso em 2025-06-16T13:39:20.806Z /.well-known/appspecific/com.chrome.devtools.json GET
Acesso em 2025-06-16T13:39:52.777Z /majors GET
Acesso em 2025-06-16T13:39:52.803Z /css/main.css GET
Acesso em 2025-06-16T13:39:52.808Z /.well-known/appspecific/com.chrome.devtools.json GET
Acesso em 2025-06-16T13:40:43.467Z /majors GET
Acesso em 2025-06-16T13:40:43.511Z /css/main.css GET
Acesso em 2025-06-16T13:40:43.526Z /.well-known/appspecific/com.chrome.devtools.json GET
Acesso em 2025-06-16T13:40:45.644Z /majors GET
Acesso em 2025-06-16T13:40:45.667Z /css/main.css GET
Acesso em 2025-06-16T13:40:45.677Z /.well-known/appspecific/com.chrome.devtools.json GET
Acesso em 2025-06-16T13:41:30.516Z /majors GET
Acesso em 2025-06-16T13:41:30.565Z /css/main.css GET
Acesso em 2025-06-16T13:41:30.570Z /.well-known/appspecific/com.chrome.devtools.json GET
Acesso em 2025-06-16T13:41:30.610Z /css/main.css.map GET
Acesso em 2025-06-16T13:42:04.982Z /majors GET
Acesso em 2025-06-16T13:42:05.016Z /.well-known/appspecific/com.chrome.devtools.json GET
Acesso em 2025-06-16T13:42:05.019Z /css/main.css GET
Acesso em 2025-06-16T13:42:05.064Z /css/main.css.map GET
Acesso em 2025-06-16T13:42:06.041Z /majors GET
Acesso em 2025-06-16T13:42:06.060Z /css/main.css GET
Acesso em 2025-06-16T13:42:06.070Z /.well-known/appspecific/com.chrome.devtools.json GET
Acesso em 2025-06-16T13:42:06.101Z /css/main.css.map GET
Acesso em 2025-06-16T13:42:06.259Z /majors GET
Acesso em 2025-06-16T13:42:06.277Z /css/main.css GET
Acesso em 2025-06-16T13:42:06.285Z /.well-known/appspecific/com.chrome.devtools.json GET
Acesso em 2025-06-16T13:42:06.312Z /css/main.css.map GET
Acesso em 2025-06-16T13:42:06.420Z /majors GET
Acesso em 2025-06-16T13:42:06.438Z /css/main.css GET
Acesso em 2025-06-16T13:42:06.441Z /.well-known/appspecific/com.chrome.devtools.json GET
Acesso em 2025-06-16T13:42:06.474Z /css/main.css.map GET
Acesso em 2025-06-16T13:42:06.578Z /majors GET
Acesso em 2025-06-16T13:42:06.594Z /css/main.css GET
Acesso em 2025-06-16T13:42:06.606Z /.well-known/appspecific/com.chrome.devtools.json GET
Acesso em 2025-06-16T13:42:06.628Z /css/main.css.map GET
Acesso em 2025-06-16T13:42:06.717Z /majors GET
Acesso em 2025-06-16T13:42:06.737Z /css/main.css GET
Acesso em 2025-06-16T13:42:06.740Z /.well-known/appspecific/com.chrome.devtools.json GET
Acesso em 2025-06-16T13:42:06.777Z /css/main.css.map GET
Acesso em 2025-06-18T12:15:41.804Z / GET
Acesso em 2025-06-18T12:16:50.519Z / GET
Acesso em 2025-06-18T12:16:50.540Z /css/main.css GET
Acesso em 2025-06-18T12:16:50.557Z /favicon.ico GET
Acesso em 2025-06-18T12:16:55.007Z /majors GET
Acesso em 2025-06-18T12:16:55.042Z /css/main.css GET
Acesso em 2025-06-18T12:16:57.155Z /majors/create GET
Acesso em 2025-06-18T12:16:57.170Z /majors/css/main.css GET
Acesso em 2025-06-18T12:17:02.749Z /majors/ GET
Acesso em 2025-06-18T12:17:02.764Z /majors/css/main.css GET
Acesso em 2025-06-18T12:20:53.223Z /majors/css/main.css GET
Acesso em 2025-06-18T12:20:53.235Z /.well-known/appspecific/com.chrome.devtools.json GET
Acesso em 2025-06-18T12:21:53.834Z /majors GET
Acesso em 2025-06-18T12:21:53.856Z /css/main.css GET
Acesso em 2025-06-18T12:21:53.886Z /.well-known/appspecific/com.chrome.devtools.json GET
Acesso em 2025-06-18T12:21:53.918Z /css/main.css.map GET
Acesso em 2025-06-18T12:26:28.447Z /majors GET
Acesso em 2025-06-18T12:26:28.493Z /.well-known/appspecific/com.chrome.devtools.json GET
Acesso em 2025-06-18T12:26:39.402Z /majors GET
Acesso em 2025-06-18T12:26:46.908Z /majors GET
Acesso em 2025-06-18T12:26:58.725Z /majors GET
Acesso em 2025-06-18T12:27:05.114Z /majors GET
Acesso em 2025-06-18T12:27:05.147Z /css/main.css GET
Acesso em 2025-06-18T12:27:48.286Z /css/main.css GET
Acesso em 2025-06-18T12:27:48.300Z /.well-known/appspecific/com.chrome.devtools.json GET
Acesso em 2025-06-18T12:27:48.323Z /css/main.css.map GET
Acesso em 2025-06-18T12:28:11.481Z /majors GET
Acesso em 2025-06-18T12:28:11.514Z /css/main.css GET
Acesso em 2025-06-18T12:28:11.530Z /.well-known/appspecific/com.chrome.devtools.json GET
Acesso em 2025-06-18T12:28:11.568Z /css/main.css.map GET
Acesso em 2025-06-18T12:28:27.264Z /majors GET
Acesso em 2025-06-18T12:28:27.301Z /css/main.css GET
Acesso em 2025-06-18T12:28:27.342Z /.well-known/appspecific/com.chrome.devtools.json GET
Acesso em 2025-06-18T12:28:27.382Z /css/main.css.map GET
Acesso em 2025-06-18T12:28:35.295Z /majors/create GET
Acesso em 2025-06-18T12:28:35.313Z /majors/css/main.css GET
Acesso em 2025-06-18T12:28:35.331Z /.well-known/appspecific/com.chrome.devtools.json GET
Acesso em 2025-06-18T12:29:05.622Z /majors/create GET
Acesso em 2025-06-18T12:29:05.638Z /majors/css/main.css GET
Acesso em 2025-06-18T12:29:05.668Z /.well-known/appspecific/com.chrome.devtools.json GET
Acesso em 2025-06-18T12:29:21.827Z /majors/create GET
Acesso em 2025-06-18T12:29:21.839Z /majors/css/main.css GET
Acesso em 2025-06-18T12:29:21.858Z /.well-known/appspecific/com.chrome.devtools.json GET
Acesso em 2025-06-18T12:29:30.408Z /majors/create GET
Acesso em 2025-06-18T12:29:30.424Z /css/main.css GET
Acesso em 2025-06-18T12:29:30.443Z /.well-known/appspecific/com.chrome.devtools.json GET
Acesso em 2025-06-18T12:29:30.469Z /css/main.css.map GET
Acesso em 2025-06-18T12:29:34.341Z /scss/main.scss GET
Acesso em 2025-06-18T12:30:31.900Z /majors/create GET
Acesso em 2025-06-18T12:30:31.945Z /.well-known/appspecific/com.chrome.devtools.json GET
Acesso em 2025-06-18T12:31:08.985Z /majors/create GET
Acesso em 2025-06-18T12:31:08.998Z /css/main.css GET
Acesso em 2025-06-18T12:31:09.009Z /.well-known/appspecific/com.chrome.devtools.json GET
Acesso em 2025-06-18T12:31:09.033Z /css/main.css.map GET
Acesso em 2025-06-18T12:31:09.111Z /scss/main.scss GET
Acesso em 2025-06-18T12:31:10.079Z /majors/create GET
Acesso em 2025-06-18T12:31:10.094Z /css/main.css GET
Acesso em 2025-06-18T12:31:10.105Z /.well-known/appspecific/com.chrome.devtools.json GET
Acesso em 2025-06-18T12:31:10.141Z /css/main.css.map GET
Acesso em 2025-06-18T12:31:10.211Z /scss/main.scss GET
Acesso em 2025-06-18T12:31:10.842Z /majors/create GET
Acesso em 2025-06-18T12:31:10.854Z /css/main.css GET
Acesso em 2025-06-18T12:31:10.873Z /.well-known/appspecific/com.chrome.devtools.json GET
Acesso em 2025-06-18T12:31:10.896Z /css/main.css.map GET
Acesso em 2025-06-18T12:31:10.968Z /scss/main.scss GET
Acesso em 2025-06-18T12:31:11.234Z /majors/create GET
Acesso em 2025-06-18T12:31:11.249Z /css/main.css GET
Acesso em 2025-06-18T12:31:11.263Z /.well-known/appspecific/com.chrome.devtools.json GET
Acesso em 2025-06-18T12:31:11.289Z /css/main.css.map GET
Acesso em 2025-06-18T12:31:11.360Z /scss/main.scss GET
Acesso em 2025-06-18T12:31:11.494Z /majors/create GET
Acesso em 2025-06-18T12:31:11.506Z /css/main.css GET
Acesso em 2025-06-18T12:31:11.518Z /.well-known/appspecific/com.chrome.devtools.json GET
Acesso em 2025-06-18T12:31:11.553Z /css/main.css.map GET
Acesso em 2025-06-18T12:31:11.612Z /scss/main.scss GET
Acesso em 2025-06-18T12:31:11.730Z /majors/create GET
Acesso em 2025-06-18T12:31:11.742Z /css/main.css GET
Acesso em 2025-06-18T12:31:11.751Z /.well-known/appspecific/com.chrome.devtools.json GET
Acesso em 2025-06-18T12:31:11.780Z /css/main.css.map GET
Acesso em 2025-06-18T12:31:11.850Z /scss/main.scss GET
Acesso em 2025-06-18T12:31:11.957Z /majors/create GET
Acesso em 2025-06-18T12:31:11.971Z /css/main.css GET
Acesso em 2025-06-18T12:31:11.983Z /.well-known/appspecific/com.chrome.devtools.json GET
Acesso em 2025-06-18T12:31:12.015Z /css/main.css.map GET
Acesso em 2025-06-18T12:31:12.073Z /scss/main.scss GET
Acesso em 2025-06-18T12:33:02.107Z /majors GET
Acesso em 2025-06-18T12:33:02.125Z /css/main.css GET
Acesso em 2025-06-18T12:33:02.143Z /.well-known/appspecific/com.chrome.devtools.json GET
Acesso em 2025-06-18T12:33:02.171Z /css/main.css.map GET
Acesso em 2025-06-18T12:34:35.389Z /majors/create GET
Acesso em 2025-06-18T12:34:35.410Z /css/main.css GET
Acesso em 2025-06-18T12:34:35.421Z /.well-known/appspecific/com.chrome.devtools.json GET
Acesso em 2025-06-18T12:34:35.453Z /css/main.css.map GET
Acesso em 2025-06-18T12:35:48.201Z /majors GET
Acesso em 2025-06-18T12:35:48.237Z /css/main.css GET
Acesso em 2025-06-18T12:35:49.559Z / GET
Acesso em 2025-06-18T12:35:49.580Z /css/main.css GET
Acesso em 2025-06-18T12:35:56.225Z /majors GET
Acesso em 2025-06-18T12:35:56.241Z /css/main.css GET
Acesso em 2025-06-18T12:36:00.116Z /css/main.css GET
Acesso em 2025-06-18T12:36:00.130Z /.well-known/appspecific/com.chrome.devtools.json GET
Acesso em 2025-06-18T12:36:00.145Z /css/main.css.map GET
Acesso em 2025-06-18T12:36:20.672Z / GET
Acesso em 2025-06-18T12:36:20.690Z /css/main.css GET
Acesso em 2025-06-18T12:36:20.711Z /.well-known/appspecific/com.chrome.devtools.json GET
Acesso em 2025-06-18T12:36:20.739Z /css/main.css.map GET
Acesso em 2025-06-18T13:13:24.053Z /majors GET
Acesso em 2025-06-18T13:13:24.083Z /css/main.css GET
Acesso em 2025-06-18T13:13:28.068Z /css/main.css GET
Acesso em 2025-06-18T13:13:28.081Z /.well-known/appspecific/com.chrome.devtools.json GET
Acesso em 2025-06-18T13:13:28.096Z /css/main.css.map GET
Acesso em 2025-06-18T13:13:55.713Z /majors/create GET
Acesso em 2025-06-18T13:13:55.730Z /css/main.css GET
Acesso em 2025-06-18T13:13:55.770Z /.well-known/appspecific/com.chrome.devtools.json GET
Acesso em 2025-06-18T13:13:55.813Z /css/main.css.map GET
Acesso em 2025-06-18T13:14:17.619Z /majors/create GET
Acesso em 2025-06-18T13:14:17.667Z /.well-known/appspecific/com.chrome.devtools.json GET
Acesso em 2025-06-18T13:14:17.667Z /css/main.css GET
Acesso em 2025-06-18T13:14:17.743Z /css/main.css.map GET
Acesso em 2025-06-18T13:14:25.207Z /majors/create GET
Acesso em 2025-06-18T13:14:25.239Z /.well-known/appspecific/com.chrome.devtools.json GET
Acesso em 2025-06-18T13:14:58.930Z /majors/create GET
Acesso em 2025-06-18T13:14:58.954Z /css/main.css GET
Acesso em 2025-06-18T13:14:58.963Z /.well-known/appspecific/com.chrome.devtools.json GET
Acesso em 2025-06-18T13:14:58.992Z /css/main.css.map GET
Acesso em 2025-06-18T13:15:18.442Z /majors/ GET
Acesso em 2025-06-18T13:15:18.506Z /.well-known/appspecific/com.chrome.devtools.json GET
Acesso em 2025-06-18T13:15:20.478Z /majors GET
Acesso em 2025-06-18T13:15:20.514Z /.well-known/appspecific/com.chrome.devtools.json GET
Acesso em 2025-06-18T13:15:40.808Z /majors GET
Acesso em 2025-06-18T13:15:40.833Z /.well-known/appspecific/com.chrome.devtools.json GET
Acesso em 2025-06-18T13:15:42.901Z /major GET
Acesso em 2025-06-18T13:15:42.935Z /.well-known/appspecific/com.chrome.devtools.json GET
Acesso em 2025-06-18T13:15:51.983Z /major GET
Acesso em 2025-06-18T13:15:52.000Z /.well-known/appspecific/com.chrome.devtools.json GET
Acesso em 2025-06-18T13:15:57.512Z /majors/create GET
Acesso em 2025-06-18T13:15:57.531Z /.well-known/appspecific/com.chrome.devtools.json GET
Acesso em 2025-06-18T13:16:01.555Z /majors/ GET
Acesso em 2025-06-18T13:16:01.594Z /.well-known/appspecific/com.chrome.devtools.json GET
Acesso em 2025-06-18T13:16:13.608Z /majors/ GET
Acesso em 2025-06-18T13:16:13.639Z /.well-known/appspecific/com.chrome.devtools.json GET
Acesso em 2025-06-18T13:16:13.639Z /css/main.css GET
Acesso em 2025-06-18T13:16:13.676Z /css/main.css.map GET
Acesso em 2025-06-18T13:17:42.892Z /css/main.css GET
Acesso em 2025-06-18T13:17:42.903Z /.well-known/appspecific/com.chrome.devtools.json GET
Acesso em 2025-06-18T13:17:42.919Z /css/main.css.map GET
Acesso em 2025-06-18T13:19:26.793Z /majors/ GET
Acesso em 2025-06-18T13:19:26.836Z /.well-known/appspecific/com.chrome.devtools.json GET
Acesso em 2025-06-18T13:19:26.839Z /css/main.css GET
Acesso em 2025-06-18T13:19:26.981Z /css/main.css.map GET
Acesso em 2025-06-18T13:19:32.981Z /majors/ GET
Acesso em 2025-06-18T13:19:32.996Z /css/main.css GET
Acesso em 2025-06-18T13:19:33.015Z /.well-known/appspecific/com.chrome.devtools.json GET
Acesso em 2025-06-18T13:19:33.043Z /css/main.css.map GET
Acesso em 2025-06-18T13:19:33.874Z /majors/ GET
Acesso em 2025-06-18T13:19:33.890Z /css/main.css GET
Acesso em 2025-06-18T13:19:33.905Z /.well-known/appspecific/com.chrome.devtools.json GET
Acesso em 2025-06-18T13:19:33.928Z /css/main.css.map GET
Acesso em 2025-06-18T13:19:34.656Z /majors/ GET
Acesso em 2025-06-18T13:19:34.672Z /css/main.css GET
Acesso em 2025-06-18T13:19:34.692Z /.well-known/appspecific/com.chrome.devtools.json GET
Acesso em 2025-06-18T13:19:34.715Z /css/main.css.map GET
Acesso em 2025-06-18T13:20:46.639Z /majors/ GET
Acesso em 2025-06-18T13:20:46.658Z /css/main.css GET
Acesso em 2025-06-18T13:20:46.676Z /.well-known/appspecific/com.chrome.devtools.json GET
Acesso em 2025-06-18T13:20:46.699Z /css/main.css.map GET
Acesso em 2025-06-18T13:20:51.033Z /majors/ GET
Acesso em 2025-06-18T13:20:51.049Z /css/main.css GET
Acesso em 2025-06-18T13:20:51.064Z /.well-known/appspecific/com.chrome.devtools.json GET
Acesso em 2025-06-18T13:20:51.089Z /css/main.css.map GET
Acesso em 2025-06-18T13:21:45.205Z /majors/ GET
Acesso em 2025-06-18T13:21:45.221Z /css/main.css GET
Acesso em 2025-06-18T13:21:45.247Z /.well-known/appspecific/com.chrome.devtools.json GET
Acesso em 2025-06-18T13:21:45.272Z /css/main.css.map GET
Acesso em 2025-06-18T13:21:56.056Z /majors/create GET
Acesso em 2025-06-18T13:21:56.074Z /css/main.css GET
Acesso em 2025-06-18T13:21:56.087Z /.well-known/appspecific/com.chrome.devtools.json GET
Acesso em 2025-06-18T13:21:56.117Z /css/main.css.map GET
Acesso em 2025-06-18T13:22:24.562Z /majors/ GET
Acesso em 2025-06-18T13:22:24.577Z /css/main.css GET
Acesso em 2025-06-19T00:31:04.953Z / GET
Acesso em 2025-06-19T00:31:04.984Z /css/main.css GET
Acesso em 2025-06-19T00:31:11.834Z /majors/create GET
Acesso em 2025-06-19T00:31:11.855Z /css/main.css GET
Acesso em 2025-06-19T00:31:13.180Z /majors GET
Acesso em 2025-06-19T00:31:13.216Z /css/main.css GET
Acesso em 2025-06-19T00:31:35.914Z /majors/create GET
Acesso em 2025-06-19T00:31:35.936Z /css/main.css GET
Acesso em 2025-06-19T00:31:37.139Z /majors/create4 GET
Acesso em 2025-06-19T00:31:38.766Z /majors/create GET
Acesso em 2025-06-19T00:31:38.784Z /css/main.css GET
Acesso em 2025-06-19T00:32:32.445Z /majors/read GET
Acesso em 2025-06-19T00:32:47.639Z /majors/read GET
Acesso em 2025-06-19T00:32:47.705Z /css/main.css GET
Acesso em 2025-06-19T00:35:26.725Z /majors/read GET
Acesso em 2025-06-19T00:35:26.748Z /majors/js/script.js GET
Acesso em 2025-06-19T00:35:26.749Z /css/main.css GET
Acesso em 2025-06-19T00:35:30.970Z /majors GET
Acesso em 2025-06-19T00:35:30.994Z /css/main.css GET
Acesso em 2025-06-19T00:35:30.996Z /js/script.js GET
Acesso em 2025-06-19T00:35:39.954Z /majors/read/46e02cc7-46c6-11f0-bd63-0242ac120003 GET
Acesso em 2025-06-19T00:35:46.758Z /majors/update/46e02cc7-46c6-11f0-bd63-0242ac120003 GET
Acesso em 2025-06-19T00:35:56.408Z /majors/create GET
Acesso em 2025-06-19T00:35:56.425Z /majors/js/script.js GET
Acesso em 2025-06-19T00:35:56.426Z /css/main.css GET
Acesso em 2025-06-19T00:37:04.660Z /majors/read/46e02cc7-46c6-11f0-bd63-0242ac120003 GET
Acesso em 2025-06-23T12:17:57.793Z / GET
Acesso em 2025-06-23T12:17:57.837Z /css/main.css GET
Acesso em 2025-06-23T12:17:57.839Z /js/script.js GET
Acesso em 2025-06-23T12:17:57.853Z /favicon.ico GET
Acesso em 2025-06-23T12:18:05.977Z /majors GET
Acesso em 2025-06-23T12:18:06.015Z /css/main.css GET
Acesso em 2025-06-23T12:18:06.018Z /js/script.js GET
Acesso em 2025-06-23T12:18:13.456Z /majors/create GET
Acesso em 2025-06-23T12:18:13.471Z /css/main.css GET
Acesso em 2025-06-23T12:18:13.474Z /majors/js/script.js GET
Acesso em 2025-06-23T12:18:25.569Z /majors/create POST
Acesso em 2025-06-23T12:18:25.588Z /major GET
Acesso em 2025-06-23T12:18:28.865Z /major GET
Acesso em 2025-06-23T12:18:34.674Z /majors GET
Acesso em 2025-06-23T12:18:34.690Z /css/main.css GET
Acesso em 2025-06-23T12:18:34.690Z /js/script.js GET
Acesso em 2025-06-23T12:24:16.499Z /majors/remove/46e02cc7-46c6-11f0-bd63-0242ac120003 GET
Acesso em 2025-06-23T12:28:32.126Z /majors/remove/46e02cc7-46c6-11f0-bd63-0242ac120003 GET
Acesso em 2025-06-23T12:55:45.124Z /majors/remove/473dcb3b-1495-4956-b234-ca1e0ec0a94f GET
Acesso em 2025-06-23T12:57:28.390Z /majors/update/46e02cc7-46c6-11f0-bd63-0242ac120003 GET
Acesso em 2025-06-23T12:57:33.511Z /majors/update/473dcb3b-1495-4956-b234-ca1e0ec0a94f GET
Acesso em 2025-06-23T13:00:13.014Z /majors/remove/46e02cc7-46c6-11f0-bd63-0242ac120003 GET
Acesso em 2025-06-23T13:00:59.242Z /majors/create GET
Acesso em 2025-06-23T13:00:59.267Z /majors/js/script.js GET
Acesso em 2025-06-23T13:00:59.267Z /css/main.css GET
Acesso em 2025-06-23T13:01:02.826Z /majors GET
Acesso em 2025-06-23T13:01:02.848Z /css/main.css GET
Acesso em 2025-06-23T13:01:02.848Z /js/script.js GET
Acesso em 2025-06-23T13:01:56.773Z /majors/remove/473dcb3b-1495-4956-b234-ca1e0ec0a94f POST
Acesso em 2025-06-23T13:01:59.428Z /majors/remove/473dcb3b-1495-4956-b234-ca1e0ec0a94f POST
Acesso em 2025-06-23T13:02:00.174Z /majors/remove/473dcb3b-1495-4956-b234-ca1e0ec0a94f POST
Acesso em 2025-06-23T13:02:00.760Z /majors/remove/473dcb3b-1495-4956-b234-ca1e0ec0a94f POST
Acesso em 2025-06-23T13:02:01.262Z /majors/remove/473dcb3b-1495-4956-b234-ca1e0ec0a94f POST
Acesso em 2025-06-23T13:02:01.764Z /majors/remove/473dcb3b-1495-4956-b234-ca1e0ec0a94f POST
Acesso em 2025-06-23T13:02:17.562Z /majors GET
Acesso em 2025-06-23T13:02:17.580Z /css/main.css GET
Acesso em 2025-06-23T13:02:17.580Z /js/script.js GET
Acesso em 2025-06-23T13:07:32.134Z /majors/create GET
Acesso em 2025-06-23T13:07:32.148Z /css/main.css GET
Acesso em 2025-06-23T13:07:32.151Z /majors/js/script.js GET
Acesso em 2025-06-23T13:07:38.197Z /majors/create POST
Acesso em 2025-06-23T13:08:09.785Z /majors GET
Acesso em 2025-06-23T13:08:09.803Z /css/main.css GET
Acesso em 2025-06-23T13:08:09.804Z /js/script.js GET
Acesso em 2025-06-23T13:08:11.690Z /majors GET
Acesso em 2025-06-23T13:08:11.703Z /css/main.css GET
Acesso em 2025-06-23T13:08:11.703Z /js/script.js GET
Acesso em 2025-06-23T13:08:13.637Z /majors/create GET
Acesso em 2025-06-23T13:08:13.652Z /majors/js/script.js GET
Acesso em 2025-06-23T13:08:13.652Z /css/main.css GET
Acesso em 2025-06-23T13:08:19.612Z /majors/create POST
Acesso em 2025-06-23T13:09:41.952Z /majors/create POST
Acesso em 2025-06-23T13:09:42.928Z /majors/create POST
Acesso em 2025-06-23T13:09:43.130Z /majors/create POST
Acesso em 2025-06-23T13:09:43.408Z /majors/create POST
Acesso em 2025-06-23T13:09:43.588Z /majors/create POST
Acesso em 2025-06-23T13:09:44.272Z /majors/create POST
Acesso em 2025-06-23T13:09:44.440Z /majors/create POST
Acesso em 2025-06-23T13:09:44.620Z /majors/create POST
Acesso em 2025-06-23T13:09:48.246Z /majors GET
Acesso em 2025-06-23T13:09:48.261Z /css/main.css GET
Acesso em 2025-06-23T13:09:48.261Z /js/script.js GET
Acesso em 2025-06-23T13:28:23.332Z /cookie GET
Acesso em 2025-06-23T13:28:52.247Z /cookie GET
Acesso em 2025-06-23T13:35:56.817Z /cookie GET
Acesso em 2025-06-23T13:35:57.593Z /cookie GET
Acesso em 2025-06-23T13:35:58.062Z /cookie GET
Acesso em 2025-06-23T13:36:07.527Z /.well-known/appspecific/com.chrome.devtools.json GET
Acesso em 2025-06-23T13:36:27.844Z /cookie GET
Acesso em 2025-06-23T13:36:27.865Z /.well-known/appspecific/com.chrome.devtools.json GET
Acesso em 2025-06-23T13:36:33.323Z /cookie GET
Acesso em 2025-06-23T13:36:33.335Z /.well-known/appspecific/com.chrome.devtools.json GET
